[debug] [2021-04-29T17:34:39.894Z] ----------------------------------------------------------------------
[debug] [2021-04-29T17:34:39.897Z] Command:       /usr/local/bin/node /usr/local/bin/firebase init
[debug] [2021-04-29T17:34:39.897Z] CLI Version:   8.10.0
[debug] [2021-04-29T17:34:39.897Z] Platform:      darwin
[debug] [2021-04-29T17:34:39.898Z] Node Version:  v15.0.1
[debug] [2021-04-29T17:34:39.909Z] Time:          Thu Apr 29 2021 23:04:39 GMT+0530 (India Standard Time)
[debug] [2021-04-29T17:34:39.909Z] ----------------------------------------------------------------------
[debug] [2021-04-29T17:34:39.909Z] 
[debug] [2021-04-29T17:34:39.919Z] > command requires scopes: ["email","openid","https://www.googleapis.com/auth/cloudplatformprojects.readonly","https://www.googleapis.com/auth/firebase","https://www.googleapis.com/auth/cloud-platform"]
[debug] [2021-04-29T17:34:39.919Z] > authorizing via signed-in user
[info] 
     ######## #### ########  ######## ########     ###     ######  ########
     ##        ##  ##     ## ##       ##     ##  ##   ##  ##       ##
     ######    ##  ########  ######   ########  #########  ######  ######
     ##        ##  ##    ##  ##       ##     ## ##     ##       ## ##
     ##       #### ##     ## ######## ########  ##     ##  ######  ########

You're about to initialize a Firebase project in this directory:

  /Users/mac/Desktop/evernote-clone/evernote-clone

[info] 
=== Project Setup
[info] 
[info] First, let's associate this project directory with a Firebase project.
[info] You can create multiple project aliases by running firebase use --add, 
[info] but for now we'll just set up a default project.
[info] 
